#
# There is insufficient memory for the Java Runtime Environment to continue.
# Native memory allocation (mmap) failed to map 268435456 bytes for G1 virtual space
# Possible reasons:
#   The system is out of physical RAM or swap space
#   The process is running with CompressedOops enabled, and the Java Heap may be blocking the growth of the native heap
# Possible solutions:
#   Reduce memory load on the system
#   Increase physical memory or swap space
#   Check if swap backing store is full
#   Decrease Java heap size (-Xmx/-Xms)
#   Decrease number of Java threads
#   Decrease Java thread stack sizes (-Xss)
#   Set larger code cache with -XX:ReservedCodeCacheSize=
#   JVM is running with Zero Based Compressed Oops mode in which the Java heap is
#     placed in the first 32GB address space. The Java Heap base address is the
#     maximum limit for the native heap growth. Please use -XX:HeapBaseMinAddress
#     to set the Java Heap base and to place the Java Heap above 32GB virtual address.
# This output file may be truncated or incomplete.
#
#  Out of Memory Error (os_windows.cpp:3747), pid=17596, tid=3288
#
# JRE version:  (17.0.3+7) (build )
# Java VM: OpenJDK 64-Bit Server VM (17.0.3+7-b469.37, mixed mode, sharing, tiered, compressed oops, compressed class ptrs, g1 gc, windows-amd64)
# No core dump will be written. Minidumps are not enabled by default on client versions of Windows
#

---------------  S U M M A R Y ------------

Command Line: git4idea.http.GitAskPassApp Username for 'https://github.com': 

Host: Intel(R) Core(TM) i5-8400 CPU @ 2.80GHz, 6 cores, 15G,  Windows 10 , 64 bit Build 19041 (10.0.19041.4957)
Time: Thu Nov  7 17:09:54 2024 RTZ 3 (s 10 , 64 bit Build 19041 (10.0.19041.4957) elapsed time: 0.010499 seconds (0d 0h 0m 0s)

---------------  T H R E A D  ---------------

Current thread (0x000002cf79ce9fd0):  JavaThread "Unknown thread" [_thread_in_vm, id=3288, stack(0x000000dc70d00000,0x000000dc70e00000)]

Stack: [0x000000dc70d00000,0x000000dc70e00000]
Native frames: (J=compiled Java code, j=interpreted, Vv=VM code, C=native code)
V  [jvm.dll+0x681f8a]
V  [jvm.dll+0x83e374]
V  [jvm.dll+0x83fb1e]
V  [jvm.dll+0x840183]
V  [jvm.dll+0x2492a5]
V  [jvm.dll+0x67ee59]
V  [jvm.dll+0x67355a]
V  [jvm.dll+0x308fab]
V  [jvm.dll+0x310466]
V  [jvm.dll+0x3601de]
V  [jvm.dll+0x36040f]
V  [jvm.dll+0x2df098]
V  [jvm.dll+0x2e0004]
V  [jvm.dll+0x80fc61]
V  [jvm.dll+0x36df61]
V  [jvm.dll+0x7ef17c]
V  [jvm.dll+0x3f10ef]
V  [jvm.dll+0x3f2c31]
C  [jli.dll+0x526b]
C  [ucrtbase.dll+0x21bb2]
C  [KERNEL32.DLL+0x17374]
C  [ntdll.dll+0x4cc91]


---------------  P R O C E S S  ---------------

Threads class SMR info:
_java_thread_list=0x00007ffbdf316f18, length=0, elements={
}

Java Threads: ( => current thread )

Other Threads:
  0x000002cf79d54a90 GCTaskThread "GC Thread#0" [stack: 0x000000dc70e00000,0x000000dc70f00000] [id=16204]
  0x000002cf79d658a0 ConcurrentGCThread "G1 Main Marker" [stack: 0x000000dc70f00000,0x000000dc71000000] [id=11372]
  0x000002cf79d662b0 ConcurrentGCThread "G1 Conc#0" [stack: 0x000000dc71000000,0x000000dc71100000] [id=10484]

[error occurred during error reporting (printing all threads), id 0xc0000005, EXCEPTION_ACCESS_VIOLATION (0xc0000005) at pc=0x00007ffbdeacfc57]

VM state: not at safepoint (not fully initialized)

VM Mutex/Monitor currently owned by a thread:  ([mutex/lock_event])
[0x000002cf79ce59e0] Heap_lock - owner thread: 0x000002cf79ce9fd0

Heap address: 0x0000000701200000, size: 4078 MB, Compressed Oops mode: Zero based, Oop shift amount: 3

CDS archive(s) mapped at: [0x0000000000000000-0x0000000000000000-0x0000000000000000), size 0, SharedBaseAddress: 0x0000000800000000, ArchiveRelocationMode: 0.
Narrow klass base: 0x0000000000000000, Narrow klass shift: 0, Narrow klass range: 0x0

GC Precious Log:
<Empty>

Heap:
 garbage-first heap   total 0K, used 0K [0x0000000701200000, 0x0000000800000000)
  region size 2048K, 0 young (0K), 0 survivors (0K)

[error occurred during error reporting (printing heap information), id 0xc0000005, EXCEPTION_ACCESS_VIOLATION (0xc0000005) at pc=0x00007ffbdeebbbd9]

GC Heap History (0 events):
No events

Deoptimization events (0 events):
No events

Classes unloaded (0 events):
No events

Classes redefined (0 events):
No events

Internal exceptions (0 events):
No events

VM Operations (0 events):
No events

Events (1 events):
Event: 0.006 Loaded shared library C:\Program Files\JetBrains\IntelliJ IDEA 2022.2.1\jbr\bin\java.dll


Dynamic libraries:
0x00007ff6c8e00000 - 0x00007ff6c8e0a000 	C:\Program Files\JetBrains\IntelliJ IDEA 2022.2.1\jbr\bin\java.exe
0x00007ffc29450000 - 0x00007ffc29648000 	C:\Windows\SYSTEM32\ntdll.dll
0x00007ffc27e40000 - 0x00007ffc27f02000 	C:\Windows\System32\KERNEL32.DLL
0x00007ffc26d60000 - 0x00007ffc2705e000 	C:\Windows\System32\KERNELBASE.dll
0x00007ffc26c60000 - 0x00007ffc26d60000 	C:\Windows\System32\ucrtbase.dll
0x00007ffc15cb0000 - 0x00007ffc15cc7000 	C:\Program Files\JetBrains\IntelliJ IDEA 2022.2.1\jbr\bin\jli.dll
0x00007ffbf2370000 - 0x00007ffbf238b000 	C:\Program Files\JetBrains\IntelliJ IDEA 2022.2.1\jbr\bin\VCRUNTIME140.dll
0x00007ffc28330000 - 0x00007ffc284cd000 	C:\Windows\System32\USER32.dll
0x00007ffc273d0000 - 0x00007ffc273f2000 	C:\Windows\System32\win32u.dll
0x00007ffc090e0000 - 0x00007ffc0937a000 	C:\Windows\WinSxS\amd64_microsoft.windows.common-controls_6595b64144ccf1df_6.0.19041.4355_none_60b8b9eb71f62e16\COMCTL32.dll
0x00007ffc28610000 - 0x00007ffc2863b000 	C:\Windows\System32\GDI32.dll
0x00007ffc27a40000 - 0x00007ffc27ade000 	C:\Windows\System32\msvcrt.dll
0x00007ffc27210000 - 0x00007ffc27327000 	C:\Windows\System32\gdi32full.dll
0x00007ffc27330000 - 0x00007ffc273cd000 	C:\Windows\System32\msvcp_win.dll
0x00007ffc28300000 - 0x00007ffc2832f000 	C:\Windows\System32\IMM32.DLL
0x00007ffc240f0000 - 0x00007ffc240fc000 	C:\Program Files\JetBrains\IntelliJ IDEA 2022.2.1\jbr\bin\vcruntime140_1.dll
0x00007ffbe9e40000 - 0x00007ffbe9ecd000 	C:\Program Files\JetBrains\IntelliJ IDEA 2022.2.1\jbr\bin\msvcp140.dll
0x00007ffbde7e0000 - 0x00007ffbdf448000 	C:\Program Files\JetBrains\IntelliJ IDEA 2022.2.1\jbr\bin\server\jvm.dll
0x00007ffc28550000 - 0x00007ffc28602000 	C:\Windows\System32\ADVAPI32.dll
0x00007ffc28650000 - 0x00007ffc286f0000 	C:\Windows\System32\sechost.dll
0x00007ffc278b0000 - 0x00007ffc279d3000 	C:\Windows\System32\RPCRT4.dll
0x00007ffc26af0000 - 0x00007ffc26b17000 	C:\Windows\System32\bcrypt.dll
0x00007ffc28640000 - 0x00007ffc28648000 	C:\Windows\System32\PSAPI.DLL
0x00007ffc1f860000 - 0x00007ffc1f887000 	C:\Windows\SYSTEM32\WINMM.dll
0x00007ffc04910000 - 0x00007ffc04919000 	C:\Windows\SYSTEM32\WSOCK32.dll
0x00007ffc20fc0000 - 0x00007ffc20fca000 	C:\Windows\SYSTEM32\VERSION.dll
0x00007ffc28290000 - 0x00007ffc282fb000 	C:\Windows\System32\WS2_32.dll
0x00007ffc24990000 - 0x00007ffc249a2000 	C:\Windows\SYSTEM32\kernel.appcore.dll
0x00007ffc231b0000 - 0x00007ffc231ba000 	C:\Program Files\JetBrains\IntelliJ IDEA 2022.2.1\jbr\bin\jimage.dll
0x00007ffc1b6f0000 - 0x00007ffc1b8d4000 	C:\Windows\SYSTEM32\DBGHELP.DLL
0x00007ffc175c0000 - 0x00007ffc175f4000 	C:\Windows\SYSTEM32\dbgcore.DLL
0x00007ffc26b20000 - 0x00007ffc26ba2000 	C:\Windows\System32\bcryptPrimitives.dll
0x00007ffc04560000 - 0x00007ffc04585000 	C:\Program Files\JetBrains\IntelliJ IDEA 2022.2.1\jbr\bin\java.dll

dbghelp: loaded successfully - version: 4.0.5 - missing functions: none
symbol engine: initialized successfully - sym options: 0x614 - pdb path: .;C:\Program Files\JetBrains\IntelliJ IDEA 2022.2.1\jbr\bin;C:\Windows\SYSTEM32;C:\Windows\WinSxS\amd64_microsoft.windows.common-controls_6595b64144ccf1df_6.0.19041.4355_none_60b8b9eb71f62e16;C:\Program Files\JetBrains\IntelliJ IDEA 2022.2.1\jbr\bin\server

VM Arguments:
java_command: git4idea.http.GitAskPassApp Username for 'https://github.com': 
java_class_path (initial): C:/Program Files/JetBrains/IntelliJ IDEA 2022.2.1/plugins/git4idea/lib/git4idea-rt.jar;C:/Program Files/JetBrains/IntelliJ IDEA 2022.2.1/lib/externalProcess-rt.jar;C:/Program Files/JetBrains/IntelliJ IDEA 2022.2.1/lib/app.jar;C:/Program Files/JetBrains/IntelliJ IDEA 2022.2.1/lib/3rd-party-rt.jar
Launcher Type: SUN_STANDARD

[Global flags]
     intx CICompilerCount                          = 3                                         {product} {ergonomic}
     uint ConcGCThreads                            = 2                                         {product} {ergonomic}
     uint G1ConcRefinementThreads                  = 6                                         {product} {ergonomic}
   size_t G1HeapRegionSize                         = 2097152                                   {product} {ergonomic}
    uintx GCDrainStackTargetSize                   = 64                                        {product} {ergonomic}
   size_t InitialHeapSize                          = 268435456                                 {product} {ergonomic}
   size_t MarkStackSize                            = 4194304                                   {product} {ergonomic}
   size_t MaxHeapSize                              = 4276092928                                {product} {ergonomic}
   size_t MinHeapDeltaBytes                        = 2097152                                   {product} {ergonomic}
   size_t MinHeapSize                              = 8388608                                   {product} {ergonomic}
    uintx NonNMethodCodeHeapSize                   = 5832780                                {pd product} {ergonomic}
    uintx NonProfiledCodeHeapSize                  = 122912730                              {pd product} {ergonomic}
    uintx ProfiledCodeHeapSize                     = 122912730                              {pd product} {ergonomic}
    uintx ReservedCodeCacheSize                    = 251658240                              {pd product} {ergonomic}
     bool SegmentedCodeCache                       = true                                      {product} {ergonomic}
   size_t SoftMaxHeapSize                          = 4276092928                             {manageable} {ergonomic}
     bool UseCompressedClassPointers               = true                           {product lp64_product} {ergonomic}
     bool UseCompressedOops                        = true                           {product lp64_product} {ergonomic}
     bool UseG1GC                                  = true                                      {product} {ergonomic}
     bool UseLargePagesIndividualAllocation        = false                                  {pd product} {ergonomic}

Logging:
Log output configuration:
 #0: stdout all=warning uptime,level,tags
 #1: stderr all=off uptime,level,tags

Environment Variables:
PATH=C:\Program Files\Git\mingw64\libexec\git-core;C:\Program Files\Git\mingw64\libexec\git-core;C:\Program Files\Git\mingw64\bin;C:\Program Files\Git\usr\bin;C:\Users\sereg\bin;D:\app\oracle\product\11.2.0\server\bin;D:\WINDOWS.X64_193000_db_home\bin;D:\Downloads\bin;C:\Program Files (x86)\VMware\VMware Player\bin;C:\Program Files (x86)\Common Files\Oracle\Java\javapath;C:\Users\sereg\.jdks\openjdk-18.0.2.1\bin;C:\Windows\system32;C:\Windows;C:\Windows\System32\Wbem;C:\Windows\System32\WindowsPowerShell\v1.0;C:\Windows\System32\OpenSSH;C:\Program Files\dotnet;C:\Program Files\Microsoft SQL Server\130\Tools\Binn;C:\Program Files (x86)\dotnet;C:\Program Files (x86)\NVIDIA Corporation\PhysX\Common;C:\Program Files\Git\cmd;C:\Program Files\LLVM\bin;C:\Program Files\CMake\bin;C:\Users\sereg\Downloads\ninja-win;C:\Program Files\nodejs;C:\Program Files\getsynth\bin;C:\Users\sereg\AppData\Local\Programs\Python\Python310\Scripts;C:\Users\sereg\AppData\Local\Programs\Python\Python310;C:\Users\sereg\AppData\Local\Microsoft\WindowsApps;C:\Users\sereg\.dotnet\tools;C:\Program Files\JetBrains\IntelliJ IDEA 2022.2.1\bin;C:\Program Files\JetBrains\PyCharm Community Edition 2022.2.3\bin;C:\Users\sereg\AppData\Local\Programs\Microsoft VS Code\bin;C:\Program Files\JetBrains\PyCharm 2022.3.3\bin;C:\Users\sereg\AppData\Roaming\npm;C:\Users\sereg\AppData\Local\Microsoft\WinGet\Packages\jqlang.jq_Microsoft.Winget.Source_8wekyb3d8bbwe
USERNAME=sereg
DISPLAY=:0.0
LC_ALL=en_US.UTF-8
OS=Windows_NT
PROCESSOR_IDENTIFIER=Intel64 Family 6 Model 158 Stepping 10, GenuineIntel



---------------  S Y S T E M  ---------------

OS:
 Windows 10 , 64 bit Build 19041 (10.0.19041.4957)
OS uptime: 1 days 7:39 hours

CPU: total 6 (initial active 6) (6 cores per cpu, 1 threads per core) family 6 model 158 stepping 10 microcode 0xb4, cx8, cmov, fxsr, mmx, 3dnowpref, sse, sse2, sse3, ssse3, sse4.1, sse4.2, popcnt, lzcnt, tsc, tscinvbit, avx, avx2, aes, erms, clmul, bmi1, bmi2, adx, fma, vzeroupper, clflush, clflushopt

Memory: 4k page, system-wide physical 16304M (2649M free)
TotalPageFile size 32688M (AvailPageFile size 93M)
current process WorkingSet (physical memory assigned to process): 10M, peak: 10M
current process commit charge ("private bytes"): 56M, peak: 312M

vm_info: OpenJDK 64-Bit Server VM (17.0.3+7-b469.37) for windows-amd64 JRE (17.0.3+7-b469.37), built on 2022-08-01 by "builduser" with MS VC++ 16.10 / 16.11 (VS2019)

END.
